<html>
<head>
<title>TestNG:  FirefoxTest</title>
<link href="../testng.css" rel="stylesheet" type="text/css" />
<link href="../my-testng.css" rel="stylesheet" type="text/css" />

<style type="text/css">
.log { display: none;} 
.stack-trace { display: none;} 
</style>
<script type="text/javascript">
<!--
function flip(e) {
  current = e.style.display;
  if (current == 'block') {
    e.style.display = 'none';
    return 0;
  }
  else {
    e.style.display = 'block';
    return 1;
  }
}

function toggleBox(szDivId, elem, msg1, msg2)
{
  var res = -1;  if (document.getElementById) {
    res = flip(document.getElementById(szDivId));
  }
  else if (document.all) {
    // this is the way old msie versions work
    res = flip(document.all[szDivId]);
  }
  if(elem) {
    if(res == 0) elem.innerHTML = msg1; else elem.innerHTML = msg2;
  }

}

function toggleAllBoxes() {
  if (document.getElementsByTagName) {
    d = document.getElementsByTagName('div');
    for (i = 0; i < d.length; i++) {
      if (d[i].className == 'log') {
        flip(d[i]);
      }
    }
  }
}

// -->
</script>

</head>
<body>
<h2 align='center'>FirefoxTest</h2><table border='1' align="center">
<tr>
<td>Tests passed/Failed/Skipped:</td><td>0/0/14</td>
</tr><tr>
<td>Started on:</td><td>Tue May 31 14:43:33 IST 2022</td>
</tr>
<tr><td>Total time:</td><td>1 seconds (1696 ms)</td>
</tr><tr>
<td>Included groups:</td><td></td>
</tr><tr>
<td>Excluded groups:</td><td></td>
</tr>
</table><p/>
<small><i>(Hover the method name to see the test class name)</i></small><p/>
<table width='100%' border='1' class='invocation-failed'>
<tr><td colspan='4' align='center'><b>FAILED CONFIGURATIONS</b></td></tr>
<tr><td><b>Test method</b></td>
<td width="30%"><b>Exception</b></td>
<td width="10%"><b>Time (seconds)</b></td>
<td><b>Instance</b></td>
</tr>
<tr>
<td title='moduleScript.LoginTest.init()'><b>init</b><br>Test class: moduleScript.LoginTest<br>Parameters: firefox</td>
<td><div><pre>java.lang.Exception: Browser is not correct
	at DTSBase.BaseClass.init(BaseClass.java:63)
... Removed 24 stack frames</pre></div><a href='#' onClick='toggleBox("stack-trace2052457859", this, "Click to show all stack frames", "Click to hide stack frames")'>Click to show all stack frames</a>
<div class='stack-trace' id='stack-trace2052457859'><pre>java.lang.Exception: Browser is not correct
	at DTSBase.BaseClass.init(BaseClass.java:63)
	at java.base/jdk.internal.reflect.NativeMethodAccessorImpl.invoke0(Native Method)
	at java.base/jdk.internal.reflect.NativeMethodAccessorImpl.invoke(NativeMethodAccessorImpl.java:77)
	at java.base/jdk.internal.reflect.DelegatingMethodAccessorImpl.invoke(DelegatingMethodAccessorImpl.java:43)
	at java.base/java.lang.reflect.Method.invoke(Method.java:568)
	at org.testng.internal.MethodInvocationHelper.invokeMethod(MethodInvocationHelper.java:133)
	at org.testng.internal.MethodInvocationHelper.invokeMethodConsideringTimeout(MethodInvocationHelper.java:62)
	at org.testng.internal.ConfigInvoker.invokeConfigurationMethod(ConfigInvoker.java:385)
	at org.testng.internal.ConfigInvoker.invokeConfigurations(ConfigInvoker.java:321)
	at org.testng.TestRunner.invokeTestConfigurations(TestRunner.java:637)
	at org.testng.TestRunner.beforeRun(TestRunner.java:627)
	at org.testng.TestRunner.run(TestRunner.java:589)
	at org.testng.SuiteRunner.runTest(SuiteRunner.java:377)
	at org.testng.SuiteRunner.runSequentially(SuiteRunner.java:371)
	at org.testng.SuiteRunner.privateRun(SuiteRunner.java:332)
	at org.testng.SuiteRunner.run(SuiteRunner.java:276)
	at org.testng.SuiteRunnerWorker.runSuite(SuiteRunnerWorker.java:53)
	at org.testng.SuiteRunnerWorker.run(SuiteRunnerWorker.java:96)
	at org.testng.TestNG.runSuitesSequentially(TestNG.java:1212)
	at org.testng.TestNG.runSuitesLocally(TestNG.java:1134)
	at org.testng.TestNG.runSuites(TestNG.java:1063)
	at org.testng.TestNG.run(TestNG.java:1031)
	at org.testng.remote.AbstractRemoteTestNG.run(AbstractRemoteTestNG.java:115)
	at org.testng.remote.RemoteTestNG.initAndRun(RemoteTestNG.java:251)
	at org.testng.remote.RemoteTestNG.main(RemoteTestNG.java:77)
</pre></div></td>
<td>0</td>
<td>moduleScript.LoginTest@49c66ade</td></tr>
</table><p>
<table width='100%' border='1' class='invocation-skipped'>
<tr><td colspan='4' align='center'><b>SKIPPED CONFIGURATIONS</b></td></tr>
<tr><td><b>Test method</b></td>
<td width="30%"><b>Exception</b></td>
<td width="10%"><b>Time (seconds)</b></td>
<td><b>Instance</b></td>
</tr>
<tr>
<td title='moduleScript.SubstanceTest.takeScreenShotOnFailures()'><b>takeScreenShotOnFailures</b><br>Test class: moduleScript.SubstanceTest</td>
<td></td>
<td>-1653988415</td>
<td>moduleScript.SubstanceTest@7a220c9a</td></tr>
<tr>
<td title='moduleScript.SubstanceTest.takeScreenShotOnFailures()'><b>takeScreenShotOnFailures</b><br>Test class: moduleScript.SubstanceTest</td>
<td></td>
<td>-1653988415</td>
<td>moduleScript.SubstanceTest@7a220c9a</td></tr>
<tr>
<td title='moduleScript.LoginTest.takeScreenShotOnFailures()'><b>takeScreenShotOnFailures</b><br>Test class: moduleScript.LoginTest</td>
<td></td>
<td>-1653988414</td>
<td>moduleScript.LoginTest@49c66ade</td></tr>
<tr>
<td title='moduleScript.SubstanceTest.takeScreenShotOnFailures()'><b>takeScreenShotOnFailures</b><br>Test class: moduleScript.SubstanceTest</td>
<td></td>
<td>-1653988415</td>
<td>moduleScript.SubstanceTest@7a220c9a</td></tr>
<tr>
<td title='moduleScript.LoginTest.takeScreenShotOnFailures()'><b>takeScreenShotOnFailures</b><br>Test class: moduleScript.LoginTest</td>
<td></td>
<td>-1653988414</td>
<td>moduleScript.LoginTest@49c66ade</td></tr>
<tr>
<td title='moduleScript.LoginTest.takeScreenShotOnFailures()'><b>takeScreenShotOnFailures</b><br>Test class: moduleScript.LoginTest</td>
<td></td>
<td>-1653988414</td>
<td>moduleScript.LoginTest@49c66ade</td></tr>
<tr>
<td title='moduleScript.SubstanceTest.takeScreenShotOnFailures()'><b>takeScreenShotOnFailures</b><br>Test class: moduleScript.SubstanceTest</td>
<td></td>
<td>-1653988414</td>
<td>moduleScript.SubstanceTest@7a220c9a</td></tr>
<tr>
<td title='moduleScript.SubstanceTest.takeScreenShotOnFailures()'><b>takeScreenShotOnFailures</b><br>Test class: moduleScript.SubstanceTest</td>
<td></td>
<td>-1653988415</td>
<td>moduleScript.SubstanceTest@7a220c9a</td></tr>
<tr>
<td title='moduleScript.SubstanceTest.takeScreenShotOnFailures()'><b>takeScreenShotOnFailures</b><br>Test class: moduleScript.SubstanceTest</td>
<td></td>
<td>-1653988415</td>
<td>moduleScript.SubstanceTest@7a220c9a</td></tr>
<tr>
<td title='moduleScript.LoginTest.takeScreenShotOnFailures()'><b>takeScreenShotOnFailures</b><br>Test class: moduleScript.LoginTest</td>
<td></td>
<td>-1653988414</td>
<td>moduleScript.LoginTest@49c66ade</td></tr>
<tr>
<td title='moduleScript.SubstanceTest.takeScreenShotOnFailures()'><b>takeScreenShotOnFailures</b><br>Test class: moduleScript.SubstanceTest</td>
<td></td>
<td>-1653988414</td>
<td>moduleScript.SubstanceTest@7a220c9a</td></tr>
<tr>
<td title='moduleScript.SubstanceTest.takeScreenShotOnFailures()'><b>takeScreenShotOnFailures</b><br>Test class: moduleScript.SubstanceTest</td>
<td></td>
<td>-1653988414</td>
<td>moduleScript.SubstanceTest@7a220c9a</td></tr>
<tr>
<td title='moduleScript.LoginTest.tearDown()'><b>tearDown</b><br>Test class: moduleScript.LoginTest</td>
<td></td>
<td>-1653988415</td>
<td>moduleScript.LoginTest@49c66ade</td></tr>
<tr>
<td title='moduleScript.SubstanceTest.takeScreenShotOnFailures()'><b>takeScreenShotOnFailures</b><br>Test class: moduleScript.SubstanceTest</td>
<td></td>
<td>-1653988414</td>
<td>moduleScript.SubstanceTest@7a220c9a</td></tr>
<tr>
<td title='moduleScript.SubstanceTest.takeScreenShotOnFailures()'><b>takeScreenShotOnFailures</b><br>Test class: moduleScript.SubstanceTest</td>
<td></td>
<td>-1653988415</td>
<td>moduleScript.SubstanceTest@7a220c9a</td></tr>
</table><p>
<table width='100%' border='1' class='invocation-skipped'>
<tr><td colspan='4' align='center'><b>SKIPPED TESTS</b></td></tr>
<tr><td><b>Test method</b></td>
<td width="30%"><b>Exception</b></td>
<td width="10%"><b>Time (seconds)</b></td>
<td><b>Instance</b></td>
</tr>
<tr>
<td title='moduleScript.LoginTest.login_InvalidPassword()'><b>login_InvalidPassword</b><br>Test class: moduleScript.LoginTest<br>Parameters: {Test Case Name=login_InvalidPassword, SubstanceName=, ResultName=, SampleName=, EntitiesName=, Username=dts-admin, RegimeName=, EntitiesTestHistory=, URL=https://dtsfrontend.azurewebsites.net/, SubstanceShortName=, Password=InvalidPassword}</td>
<td><div><pre>java.lang.Exception: Browser is not correct
	at DTSBase.BaseClass.init(BaseClass.java:63)
... Removed 24 stack frames</pre></div><a href='#' onClick='toggleBox("stack-trace1803361784", this, "Click to show all stack frames", "Click to hide stack frames")'>Click to show all stack frames</a>
<div class='stack-trace' id='stack-trace1803361784'><pre>java.lang.Exception: Browser is not correct
	at DTSBase.BaseClass.init(BaseClass.java:63)
	at java.base/jdk.internal.reflect.NativeMethodAccessorImpl.invoke0(Native Method)
	at java.base/jdk.internal.reflect.NativeMethodAccessorImpl.invoke(NativeMethodAccessorImpl.java:77)
	at java.base/jdk.internal.reflect.DelegatingMethodAccessorImpl.invoke(DelegatingMethodAccessorImpl.java:43)
	at java.base/java.lang.reflect.Method.invoke(Method.java:568)
	at org.testng.internal.MethodInvocationHelper.invokeMethod(MethodInvocationHelper.java:133)
	at org.testng.internal.MethodInvocationHelper.invokeMethodConsideringTimeout(MethodInvocationHelper.java:62)
	at org.testng.internal.ConfigInvoker.invokeConfigurationMethod(ConfigInvoker.java:385)
	at org.testng.internal.ConfigInvoker.invokeConfigurations(ConfigInvoker.java:321)
	at org.testng.TestRunner.invokeTestConfigurations(TestRunner.java:637)
	at org.testng.TestRunner.beforeRun(TestRunner.java:627)
	at org.testng.TestRunner.run(TestRunner.java:589)
	at org.testng.SuiteRunner.runTest(SuiteRunner.java:377)
	at org.testng.SuiteRunner.runSequentially(SuiteRunner.java:371)
	at org.testng.SuiteRunner.privateRun(SuiteRunner.java:332)
	at org.testng.SuiteRunner.run(SuiteRunner.java:276)
	at org.testng.SuiteRunnerWorker.runSuite(SuiteRunnerWorker.java:53)
	at org.testng.SuiteRunnerWorker.run(SuiteRunnerWorker.java:96)
	at org.testng.TestNG.runSuitesSequentially(TestNG.java:1212)
	at org.testng.TestNG.runSuitesLocally(TestNG.java:1134)
	at org.testng.TestNG.runSuites(TestNG.java:1063)
	at org.testng.TestNG.run(TestNG.java:1031)
	at org.testng.remote.AbstractRemoteTestNG.run(AbstractRemoteTestNG.java:115)
	at org.testng.remote.RemoteTestNG.initAndRun(RemoteTestNG.java:251)
	at org.testng.remote.RemoteTestNG.main(RemoteTestNG.java:77)
</pre></div></td>
<td>0</td>
<td>moduleScript.LoginTest@49c66ade</td></tr>
<tr>
<td title='moduleScript.LoginTest.login_InvalidUserName()'><b>login_InvalidUserName</b><br>Test class: moduleScript.LoginTest<br>Parameters: {Test Case Name=login_InvalidUserName, SubstanceName=, ResultName=, SampleName=, EntitiesName=, Username=InvalidUserName, RegimeName=, EntitiesTestHistory=, URL=https://dtsfrontend.azurewebsites.net/, SubstanceShortName=, Password=admin123}</td>
<td><div><pre>java.lang.Exception: Browser is not correct
	at DTSBase.BaseClass.init(BaseClass.java:63)
... Removed 24 stack frames</pre></div><a href='#' onClick='toggleBox("stack-trace1497558532", this, "Click to show all stack frames", "Click to hide stack frames")'>Click to show all stack frames</a>
<div class='stack-trace' id='stack-trace1497558532'><pre>java.lang.Exception: Browser is not correct
	at DTSBase.BaseClass.init(BaseClass.java:63)
	at java.base/jdk.internal.reflect.NativeMethodAccessorImpl.invoke0(Native Method)
	at java.base/jdk.internal.reflect.NativeMethodAccessorImpl.invoke(NativeMethodAccessorImpl.java:77)
	at java.base/jdk.internal.reflect.DelegatingMethodAccessorImpl.invoke(DelegatingMethodAccessorImpl.java:43)
	at java.base/java.lang.reflect.Method.invoke(Method.java:568)
	at org.testng.internal.MethodInvocationHelper.invokeMethod(MethodInvocationHelper.java:133)
	at org.testng.internal.MethodInvocationHelper.invokeMethodConsideringTimeout(MethodInvocationHelper.java:62)
	at org.testng.internal.ConfigInvoker.invokeConfigurationMethod(ConfigInvoker.java:385)
	at org.testng.internal.ConfigInvoker.invokeConfigurations(ConfigInvoker.java:321)
	at org.testng.TestRunner.invokeTestConfigurations(TestRunner.java:637)
	at org.testng.TestRunner.beforeRun(TestRunner.java:627)
	at org.testng.TestRunner.run(TestRunner.java:589)
	at org.testng.SuiteRunner.runTest(SuiteRunner.java:377)
	at org.testng.SuiteRunner.runSequentially(SuiteRunner.java:371)
	at org.testng.SuiteRunner.privateRun(SuiteRunner.java:332)
	at org.testng.SuiteRunner.run(SuiteRunner.java:276)
	at org.testng.SuiteRunnerWorker.runSuite(SuiteRunnerWorker.java:53)
	at org.testng.SuiteRunnerWorker.run(SuiteRunnerWorker.java:96)
	at org.testng.TestNG.runSuitesSequentially(TestNG.java:1212)
	at org.testng.TestNG.runSuitesLocally(TestNG.java:1134)
	at org.testng.TestNG.runSuites(TestNG.java:1063)
	at org.testng.TestNG.run(TestNG.java:1031)
	at org.testng.remote.AbstractRemoteTestNG.run(AbstractRemoteTestNG.java:115)
	at org.testng.remote.RemoteTestNG.initAndRun(RemoteTestNG.java:251)
	at org.testng.remote.RemoteTestNG.main(RemoteTestNG.java:77)
</pre></div></td>
<td>0</td>
<td>moduleScript.LoginTest@49c66ade</td></tr>
<tr>
<td title='moduleScript.SubstanceTest.addThresHold()'><b>addThresHold</b><br>Test class: moduleScript.SubstanceTest<br>Parameters: {Test Case Name=addThresHold, SubstanceName=, ResultName=, SampleName=, EntitiesName=, Username=dts-admin, RegimeName=, EntitiesTestHistory=, URL=https://dtsfrontend.azurewebsites.net/, SubstanceShortName=, Password=admin123}</td>
<td><div><pre>java.lang.Exception: Browser is not correct
	at DTSBase.BaseClass.init(BaseClass.java:63)
... Removed 24 stack frames</pre></div><a href='#' onClick='toggleBox("stack-trace106113013", this, "Click to show all stack frames", "Click to hide stack frames")'>Click to show all stack frames</a>
<div class='stack-trace' id='stack-trace106113013'><pre>java.lang.Exception: Browser is not correct
	at DTSBase.BaseClass.init(BaseClass.java:63)
	at java.base/jdk.internal.reflect.NativeMethodAccessorImpl.invoke0(Native Method)
	at java.base/jdk.internal.reflect.NativeMethodAccessorImpl.invoke(NativeMethodAccessorImpl.java:77)
	at java.base/jdk.internal.reflect.DelegatingMethodAccessorImpl.invoke(DelegatingMethodAccessorImpl.java:43)
	at java.base/java.lang.reflect.Method.invoke(Method.java:568)
	at org.testng.internal.MethodInvocationHelper.invokeMethod(MethodInvocationHelper.java:133)
	at org.testng.internal.MethodInvocationHelper.invokeMethodConsideringTimeout(MethodInvocationHelper.java:62)
	at org.testng.internal.ConfigInvoker.invokeConfigurationMethod(ConfigInvoker.java:385)
	at org.testng.internal.ConfigInvoker.invokeConfigurations(ConfigInvoker.java:321)
	at org.testng.TestRunner.invokeTestConfigurations(TestRunner.java:637)
	at org.testng.TestRunner.beforeRun(TestRunner.java:627)
	at org.testng.TestRunner.run(TestRunner.java:589)
	at org.testng.SuiteRunner.runTest(SuiteRunner.java:377)
	at org.testng.SuiteRunner.runSequentially(SuiteRunner.java:371)
	at org.testng.SuiteRunner.privateRun(SuiteRunner.java:332)
	at org.testng.SuiteRunner.run(SuiteRunner.java:276)
	at org.testng.SuiteRunnerWorker.runSuite(SuiteRunnerWorker.java:53)
	at org.testng.SuiteRunnerWorker.run(SuiteRunnerWorker.java:96)
	at org.testng.TestNG.runSuitesSequentially(TestNG.java:1212)
	at org.testng.TestNG.runSuitesLocally(TestNG.java:1134)
	at org.testng.TestNG.runSuites(TestNG.java:1063)
	at org.testng.TestNG.run(TestNG.java:1031)
	at org.testng.remote.AbstractRemoteTestNG.run(AbstractRemoteTestNG.java:115)
	at org.testng.remote.RemoteTestNG.initAndRun(RemoteTestNG.java:251)
	at org.testng.remote.RemoteTestNG.main(RemoteTestNG.java:77)
</pre></div></td>
<td>0</td>
<td>moduleScript.SubstanceTest@7a220c9a</td></tr>
<tr>
<td title='moduleScript.SubstanceTest.editSubstance()'><b>editSubstance</b><br>Test class: moduleScript.SubstanceTest<br>Parameters: {Test Case Name=editSubstance, SubstanceName=, ResultName=, SampleName=, EntitiesName=, Username=dts-admin, RegimeName=, EntitiesTestHistory=, URL=https://dtsfrontend.azurewebsites.net/, SubstanceShortName=, Password=admin123}</td>
<td><div><pre>java.lang.Exception: Browser is not correct
	at DTSBase.BaseClass.init(BaseClass.java:63)
... Removed 24 stack frames</pre></div><a href='#' onClick='toggleBox("stack-trace1423586012", this, "Click to show all stack frames", "Click to hide stack frames")'>Click to show all stack frames</a>
<div class='stack-trace' id='stack-trace1423586012'><pre>java.lang.Exception: Browser is not correct
	at DTSBase.BaseClass.init(BaseClass.java:63)
	at java.base/jdk.internal.reflect.NativeMethodAccessorImpl.invoke0(Native Method)
	at java.base/jdk.internal.reflect.NativeMethodAccessorImpl.invoke(NativeMethodAccessorImpl.java:77)
	at java.base/jdk.internal.reflect.DelegatingMethodAccessorImpl.invoke(DelegatingMethodAccessorImpl.java:43)
	at java.base/java.lang.reflect.Method.invoke(Method.java:568)
	at org.testng.internal.MethodInvocationHelper.invokeMethod(MethodInvocationHelper.java:133)
	at org.testng.internal.MethodInvocationHelper.invokeMethodConsideringTimeout(MethodInvocationHelper.java:62)
	at org.testng.internal.ConfigInvoker.invokeConfigurationMethod(ConfigInvoker.java:385)
	at org.testng.internal.ConfigInvoker.invokeConfigurations(ConfigInvoker.java:321)
	at org.testng.TestRunner.invokeTestConfigurations(TestRunner.java:637)
	at org.testng.TestRunner.beforeRun(TestRunner.java:627)
	at org.testng.TestRunner.run(TestRunner.java:589)
	at org.testng.SuiteRunner.runTest(SuiteRunner.java:377)
	at org.testng.SuiteRunner.runSequentially(SuiteRunner.java:371)
	at org.testng.SuiteRunner.privateRun(SuiteRunner.java:332)
	at org.testng.SuiteRunner.run(SuiteRunner.java:276)
	at org.testng.SuiteRunnerWorker.runSuite(SuiteRunnerWorker.java:53)
	at org.testng.SuiteRunnerWorker.run(SuiteRunnerWorker.java:96)
	at org.testng.TestNG.runSuitesSequentially(TestNG.java:1212)
	at org.testng.TestNG.runSuitesLocally(TestNG.java:1134)
	at org.testng.TestNG.runSuites(TestNG.java:1063)
	at org.testng.TestNG.run(TestNG.java:1031)
	at org.testng.remote.AbstractRemoteTestNG.run(AbstractRemoteTestNG.java:115)
	at org.testng.remote.RemoteTestNG.initAndRun(RemoteTestNG.java:251)
	at org.testng.remote.RemoteTestNG.main(RemoteTestNG.java:77)
</pre></div></td>
<td>0</td>
<td>moduleScript.SubstanceTest@7a220c9a</td></tr>
<tr>
<td title='moduleScript.LoginTest.login_InvalidUSerName_InvalidPassword()'><b>login_InvalidUSerName_InvalidPassword</b><br>Test class: moduleScript.LoginTest<br>Parameters: {Test Case Name=login_InvalidUSerName_InvalidPassword, SubstanceName=, ResultName=, SampleName=, EntitiesName=, Username=InvalidUserName, RegimeName=, EntitiesTestHistory=, URL=https://dtsfrontend.azurewebsites.net/, SubstanceShortName=, Password=InvalidPassword}</td>
<td><div><pre>java.lang.Exception: Browser is not correct
	at DTSBase.BaseClass.init(BaseClass.java:63)
... Removed 24 stack frames</pre></div><a href='#' onClick='toggleBox("stack-trace2015007762", this, "Click to show all stack frames", "Click to hide stack frames")'>Click to show all stack frames</a>
<div class='stack-trace' id='stack-trace2015007762'><pre>java.lang.Exception: Browser is not correct
	at DTSBase.BaseClass.init(BaseClass.java:63)
	at java.base/jdk.internal.reflect.NativeMethodAccessorImpl.invoke0(Native Method)
	at java.base/jdk.internal.reflect.NativeMethodAccessorImpl.invoke(NativeMethodAccessorImpl.java:77)
	at java.base/jdk.internal.reflect.DelegatingMethodAccessorImpl.invoke(DelegatingMethodAccessorImpl.java:43)
	at java.base/java.lang.reflect.Method.invoke(Method.java:568)
	at org.testng.internal.MethodInvocationHelper.invokeMethod(MethodInvocationHelper.java:133)
	at org.testng.internal.MethodInvocationHelper.invokeMethodConsideringTimeout(MethodInvocationHelper.java:62)
	at org.testng.internal.ConfigInvoker.invokeConfigurationMethod(ConfigInvoker.java:385)
	at org.testng.internal.ConfigInvoker.invokeConfigurations(ConfigInvoker.java:321)
	at org.testng.TestRunner.invokeTestConfigurations(TestRunner.java:637)
	at org.testng.TestRunner.beforeRun(TestRunner.java:627)
	at org.testng.TestRunner.run(TestRunner.java:589)
	at org.testng.SuiteRunner.runTest(SuiteRunner.java:377)
	at org.testng.SuiteRunner.runSequentially(SuiteRunner.java:371)
	at org.testng.SuiteRunner.privateRun(SuiteRunner.java:332)
	at org.testng.SuiteRunner.run(SuiteRunner.java:276)
	at org.testng.SuiteRunnerWorker.runSuite(SuiteRunnerWorker.java:53)
	at org.testng.SuiteRunnerWorker.run(SuiteRunnerWorker.java:96)
	at org.testng.TestNG.runSuitesSequentially(TestNG.java:1212)
	at org.testng.TestNG.runSuitesLocally(TestNG.java:1134)
	at org.testng.TestNG.runSuites(TestNG.java:1063)
	at org.testng.TestNG.run(TestNG.java:1031)
	at org.testng.remote.AbstractRemoteTestNG.run(AbstractRemoteTestNG.java:115)
	at org.testng.remote.RemoteTestNG.initAndRun(RemoteTestNG.java:251)
	at org.testng.remote.RemoteTestNG.main(RemoteTestNG.java:77)
</pre></div></td>
<td>0</td>
<td>moduleScript.LoginTest@49c66ade</td></tr>
<tr>
<td title='moduleScript.SubstanceTest.addSubstanceswithValidData()'><b>addSubstanceswithValidData</b><br>Test class: moduleScript.SubstanceTest<br>Parameters: {Test Case Name=addSubstanceswithValidData, SubstanceName=Rajesh, ResultName=, SampleName=, EntitiesName=, Username=dts-admin, RegimeName=, EntitiesTestHistory=, URL=https://dtsfrontend.azurewebsites.net/, SubstanceShortName=Test, Password=admin123}</td>
<td><div><pre>java.lang.Exception: Browser is not correct
	at DTSBase.BaseClass.init(BaseClass.java:63)
... Removed 24 stack frames</pre></div><a href='#' onClick='toggleBox("stack-trace2006835220", this, "Click to show all stack frames", "Click to hide stack frames")'>Click to show all stack frames</a>
<div class='stack-trace' id='stack-trace2006835220'><pre>java.lang.Exception: Browser is not correct
	at DTSBase.BaseClass.init(BaseClass.java:63)
	at java.base/jdk.internal.reflect.NativeMethodAccessorImpl.invoke0(Native Method)
	at java.base/jdk.internal.reflect.NativeMethodAccessorImpl.invoke(NativeMethodAccessorImpl.java:77)
	at java.base/jdk.internal.reflect.DelegatingMethodAccessorImpl.invoke(DelegatingMethodAccessorImpl.java:43)
	at java.base/java.lang.reflect.Method.invoke(Method.java:568)
	at org.testng.internal.MethodInvocationHelper.invokeMethod(MethodInvocationHelper.java:133)
	at org.testng.internal.MethodInvocationHelper.invokeMethodConsideringTimeout(MethodInvocationHelper.java:62)
	at org.testng.internal.ConfigInvoker.invokeConfigurationMethod(ConfigInvoker.java:385)
	at org.testng.internal.ConfigInvoker.invokeConfigurations(ConfigInvoker.java:321)
	at org.testng.TestRunner.invokeTestConfigurations(TestRunner.java:637)
	at org.testng.TestRunner.beforeRun(TestRunner.java:627)
	at org.testng.TestRunner.run(TestRunner.java:589)
	at org.testng.SuiteRunner.runTest(SuiteRunner.java:377)
	at org.testng.SuiteRunner.runSequentially(SuiteRunner.java:371)
	at org.testng.SuiteRunner.privateRun(SuiteRunner.java:332)
	at org.testng.SuiteRunner.run(SuiteRunner.java:276)
	at org.testng.SuiteRunnerWorker.runSuite(SuiteRunnerWorker.java:53)
	at org.testng.SuiteRunnerWorker.run(SuiteRunnerWorker.java:96)
	at org.testng.TestNG.runSuitesSequentially(TestNG.java:1212)
	at org.testng.TestNG.runSuitesLocally(TestNG.java:1134)
	at org.testng.TestNG.runSuites(TestNG.java:1063)
	at org.testng.TestNG.run(TestNG.java:1031)
	at org.testng.remote.AbstractRemoteTestNG.run(AbstractRemoteTestNG.java:115)
	at org.testng.remote.RemoteTestNG.initAndRun(RemoteTestNG.java:251)
	at org.testng.remote.RemoteTestNG.main(RemoteTestNG.java:77)
</pre></div></td>
<td>0</td>
<td>moduleScript.SubstanceTest@7a220c9a</td></tr>
<tr>
<td title='moduleScript.SubstanceTest.addSubstancesWithoutMandatoryFields()'><b>addSubstancesWithoutMandatoryFields</b><br>Test class: moduleScript.SubstanceTest<br>Parameters: {Test Case Name=addSubstancesWithoutMandatoryFields, SubstanceName=, ResultName=, SampleName=, EntitiesName=, Username=dts-admin, RegimeName=, EntitiesTestHistory=, URL=https://dtsfrontend.azurewebsites.net/, SubstanceShortName=Test, Password=admin123}</td>
<td><div><pre>java.lang.Exception: Browser is not correct
	at DTSBase.BaseClass.init(BaseClass.java:63)
... Removed 24 stack frames</pre></div><a href='#' onClick='toggleBox("stack-trace1095203437", this, "Click to show all stack frames", "Click to hide stack frames")'>Click to show all stack frames</a>
<div class='stack-trace' id='stack-trace1095203437'><pre>java.lang.Exception: Browser is not correct
	at DTSBase.BaseClass.init(BaseClass.java:63)
	at java.base/jdk.internal.reflect.NativeMethodAccessorImpl.invoke0(Native Method)
	at java.base/jdk.internal.reflect.NativeMethodAccessorImpl.invoke(NativeMethodAccessorImpl.java:77)
	at java.base/jdk.internal.reflect.DelegatingMethodAccessorImpl.invoke(DelegatingMethodAccessorImpl.java:43)
	at java.base/java.lang.reflect.Method.invoke(Method.java:568)
	at org.testng.internal.MethodInvocationHelper.invokeMethod(MethodInvocationHelper.java:133)
	at org.testng.internal.MethodInvocationHelper.invokeMethodConsideringTimeout(MethodInvocationHelper.java:62)
	at org.testng.internal.ConfigInvoker.invokeConfigurationMethod(ConfigInvoker.java:385)
	at org.testng.internal.ConfigInvoker.invokeConfigurations(ConfigInvoker.java:321)
	at org.testng.TestRunner.invokeTestConfigurations(TestRunner.java:637)
	at org.testng.TestRunner.beforeRun(TestRunner.java:627)
	at org.testng.TestRunner.run(TestRunner.java:589)
	at org.testng.SuiteRunner.runTest(SuiteRunner.java:377)
	at org.testng.SuiteRunner.runSequentially(SuiteRunner.java:371)
	at org.testng.SuiteRunner.privateRun(SuiteRunner.java:332)
	at org.testng.SuiteRunner.run(SuiteRunner.java:276)
	at org.testng.SuiteRunnerWorker.runSuite(SuiteRunnerWorker.java:53)
	at org.testng.SuiteRunnerWorker.run(SuiteRunnerWorker.java:96)
	at org.testng.TestNG.runSuitesSequentially(TestNG.java:1212)
	at org.testng.TestNG.runSuitesLocally(TestNG.java:1134)
	at org.testng.TestNG.runSuites(TestNG.java:1063)
	at org.testng.TestNG.run(TestNG.java:1031)
	at org.testng.remote.AbstractRemoteTestNG.run(AbstractRemoteTestNG.java:115)
	at org.testng.remote.RemoteTestNG.initAndRun(RemoteTestNG.java:251)
	at org.testng.remote.RemoteTestNG.main(RemoteTestNG.java:77)
</pre></div></td>
<td>0</td>
<td>moduleScript.SubstanceTest@7a220c9a</td></tr>
<tr>
<td title='moduleScript.SubstanceTest.verifyLanding()'><b>verifyLanding</b><br>Test class: moduleScript.SubstanceTest<br>Parameters: {Test Case Name=verifyLanding, SubstanceName=, ResultName=, SampleName=, EntitiesName=, Username=dts-admin, RegimeName=, EntitiesTestHistory=, URL=https://dtsfrontend.azurewebsites.net/, SubstanceShortName=, Password=admin123}</td>
<td><div><pre>java.lang.Exception: Browser is not correct
	at DTSBase.BaseClass.init(BaseClass.java:63)
... Removed 24 stack frames</pre></div><a href='#' onClick='toggleBox("stack-trace777190206", this, "Click to show all stack frames", "Click to hide stack frames")'>Click to show all stack frames</a>
<div class='stack-trace' id='stack-trace777190206'><pre>java.lang.Exception: Browser is not correct
	at DTSBase.BaseClass.init(BaseClass.java:63)
	at java.base/jdk.internal.reflect.NativeMethodAccessorImpl.invoke0(Native Method)
	at java.base/jdk.internal.reflect.NativeMethodAccessorImpl.invoke(NativeMethodAccessorImpl.java:77)
	at java.base/jdk.internal.reflect.DelegatingMethodAccessorImpl.invoke(DelegatingMethodAccessorImpl.java:43)
	at java.base/java.lang.reflect.Method.invoke(Method.java:568)
	at org.testng.internal.MethodInvocationHelper.invokeMethod(MethodInvocationHelper.java:133)
	at org.testng.internal.MethodInvocationHelper.invokeMethodConsideringTimeout(MethodInvocationHelper.java:62)
	at org.testng.internal.ConfigInvoker.invokeConfigurationMethod(ConfigInvoker.java:385)
	at org.testng.internal.ConfigInvoker.invokeConfigurations(ConfigInvoker.java:321)
	at org.testng.TestRunner.invokeTestConfigurations(TestRunner.java:637)
	at org.testng.TestRunner.beforeRun(TestRunner.java:627)
	at org.testng.TestRunner.run(TestRunner.java:589)
	at org.testng.SuiteRunner.runTest(SuiteRunner.java:377)
	at org.testng.SuiteRunner.runSequentially(SuiteRunner.java:371)
	at org.testng.SuiteRunner.privateRun(SuiteRunner.java:332)
	at org.testng.SuiteRunner.run(SuiteRunner.java:276)
	at org.testng.SuiteRunnerWorker.runSuite(SuiteRunnerWorker.java:53)
	at org.testng.SuiteRunnerWorker.run(SuiteRunnerWorker.java:96)
	at org.testng.TestNG.runSuitesSequentially(TestNG.java:1212)
	at org.testng.TestNG.runSuitesLocally(TestNG.java:1134)
	at org.testng.TestNG.runSuites(TestNG.java:1063)
	at org.testng.TestNG.run(TestNG.java:1031)
	at org.testng.remote.AbstractRemoteTestNG.run(AbstractRemoteTestNG.java:115)
	at org.testng.remote.RemoteTestNG.initAndRun(RemoteTestNG.java:251)
	at org.testng.remote.RemoteTestNG.main(RemoteTestNG.java:77)
</pre></div></td>
<td>0</td>
<td>moduleScript.SubstanceTest@7a220c9a</td></tr>
<tr>
<td title='moduleScript.SubstanceTest.DTV4_442()'><b>DTV4_442</b><br>Test class: moduleScript.SubstanceTest<br>Parameters: {Test Case Name=DTV4_442, SubstanceName=, ResultName=, SampleName=, EntitiesName=, Username=dts-admin, RegimeName=, EntitiesTestHistory=, URL=https://dtsfrontend.azurewebsites.net/, SubstanceShortName=, Password=admin123}</td>
<td><div><pre>java.lang.Exception: Browser is not correct
	at DTSBase.BaseClass.init(BaseClass.java:63)
... Removed 24 stack frames</pre></div><a href='#' onClick='toggleBox("stack-trace488669101", this, "Click to show all stack frames", "Click to hide stack frames")'>Click to show all stack frames</a>
<div class='stack-trace' id='stack-trace488669101'><pre>java.lang.Exception: Browser is not correct
	at DTSBase.BaseClass.init(BaseClass.java:63)
	at java.base/jdk.internal.reflect.NativeMethodAccessorImpl.invoke0(Native Method)
	at java.base/jdk.internal.reflect.NativeMethodAccessorImpl.invoke(NativeMethodAccessorImpl.java:77)
	at java.base/jdk.internal.reflect.DelegatingMethodAccessorImpl.invoke(DelegatingMethodAccessorImpl.java:43)
	at java.base/java.lang.reflect.Method.invoke(Method.java:568)
	at org.testng.internal.MethodInvocationHelper.invokeMethod(MethodInvocationHelper.java:133)
	at org.testng.internal.MethodInvocationHelper.invokeMethodConsideringTimeout(MethodInvocationHelper.java:62)
	at org.testng.internal.ConfigInvoker.invokeConfigurationMethod(ConfigInvoker.java:385)
	at org.testng.internal.ConfigInvoker.invokeConfigurations(ConfigInvoker.java:321)
	at org.testng.TestRunner.invokeTestConfigurations(TestRunner.java:637)
	at org.testng.TestRunner.beforeRun(TestRunner.java:627)
	at org.testng.TestRunner.run(TestRunner.java:589)
	at org.testng.SuiteRunner.runTest(SuiteRunner.java:377)
	at org.testng.SuiteRunner.runSequentially(SuiteRunner.java:371)
	at org.testng.SuiteRunner.privateRun(SuiteRunner.java:332)
	at org.testng.SuiteRunner.run(SuiteRunner.java:276)
	at org.testng.SuiteRunnerWorker.runSuite(SuiteRunnerWorker.java:53)
	at org.testng.SuiteRunnerWorker.run(SuiteRunnerWorker.java:96)
	at org.testng.TestNG.runSuitesSequentially(TestNG.java:1212)
	at org.testng.TestNG.runSuitesLocally(TestNG.java:1134)
	at org.testng.TestNG.runSuites(TestNG.java:1063)
	at org.testng.TestNG.run(TestNG.java:1031)
	at org.testng.remote.AbstractRemoteTestNG.run(AbstractRemoteTestNG.java:115)
	at org.testng.remote.RemoteTestNG.initAndRun(RemoteTestNG.java:251)
	at org.testng.remote.RemoteTestNG.main(RemoteTestNG.java:77)
</pre></div></td>
<td>0</td>
<td>moduleScript.SubstanceTest@7a220c9a</td></tr>
<tr>
<td title='moduleScript.LoginTest.login_DTS()'><b>login_DTS</b><br>Test class: moduleScript.LoginTest<br>Parameters: {Test Case Name=login_DTS, SubstanceName=, ResultName=, SampleName=, EntitiesName=, Username=dts-admin, RegimeName=, EntitiesTestHistory=, URL=https://dtsfrontend.azurewebsites.net/, SubstanceShortName=, Password=admin123}</td>
<td><div><pre>java.lang.Exception: Browser is not correct
	at DTSBase.BaseClass.init(BaseClass.java:63)
... Removed 24 stack frames</pre></div><a href='#' onClick='toggleBox("stack-trace1272115420", this, "Click to show all stack frames", "Click to hide stack frames")'>Click to show all stack frames</a>
<div class='stack-trace' id='stack-trace1272115420'><pre>java.lang.Exception: Browser is not correct
	at DTSBase.BaseClass.init(BaseClass.java:63)
	at java.base/jdk.internal.reflect.NativeMethodAccessorImpl.invoke0(Native Method)
	at java.base/jdk.internal.reflect.NativeMethodAccessorImpl.invoke(NativeMethodAccessorImpl.java:77)
	at java.base/jdk.internal.reflect.DelegatingMethodAccessorImpl.invoke(DelegatingMethodAccessorImpl.java:43)
	at java.base/java.lang.reflect.Method.invoke(Method.java:568)
	at org.testng.internal.MethodInvocationHelper.invokeMethod(MethodInvocationHelper.java:133)
	at org.testng.internal.MethodInvocationHelper.invokeMethodConsideringTimeout(MethodInvocationHelper.java:62)
	at org.testng.internal.ConfigInvoker.invokeConfigurationMethod(ConfigInvoker.java:385)
	at org.testng.internal.ConfigInvoker.invokeConfigurations(ConfigInvoker.java:321)
	at org.testng.TestRunner.invokeTestConfigurations(TestRunner.java:637)
	at org.testng.TestRunner.beforeRun(TestRunner.java:627)
	at org.testng.TestRunner.run(TestRunner.java:589)
	at org.testng.SuiteRunner.runTest(SuiteRunner.java:377)
	at org.testng.SuiteRunner.runSequentially(SuiteRunner.java:371)
	at org.testng.SuiteRunner.privateRun(SuiteRunner.java:332)
	at org.testng.SuiteRunner.run(SuiteRunner.java:276)
	at org.testng.SuiteRunnerWorker.runSuite(SuiteRunnerWorker.java:53)
	at org.testng.SuiteRunnerWorker.run(SuiteRunnerWorker.java:96)
	at org.testng.TestNG.runSuitesSequentially(TestNG.java:1212)
	at org.testng.TestNG.runSuitesLocally(TestNG.java:1134)
	at org.testng.TestNG.runSuites(TestNG.java:1063)
	at org.testng.TestNG.run(TestNG.java:1031)
	at org.testng.remote.AbstractRemoteTestNG.run(AbstractRemoteTestNG.java:115)
	at org.testng.remote.RemoteTestNG.initAndRun(RemoteTestNG.java:251)
	at org.testng.remote.RemoteTestNG.main(RemoteTestNG.java:77)
</pre></div></td>
<td>0</td>
<td>moduleScript.LoginTest@49c66ade</td></tr>
<tr>
<td title='moduleScript.SubstanceTest.filter()'><b>filter</b><br>Test class: moduleScript.SubstanceTest<br>Parameters: {Test Case Name=filter, SubstanceName=, ResultName=, SampleName=, EntitiesName=, Username=dts-admin, RegimeName=, EntitiesTestHistory=, URL=https://dtsfrontend.azurewebsites.net/, SubstanceShortName=, Password=admin123}</td>
<td><div><pre>java.lang.Exception: Browser is not correct
	at DTSBase.BaseClass.init(BaseClass.java:63)
... Removed 24 stack frames</pre></div><a href='#' onClick='toggleBox("stack-trace1882348832", this, "Click to show all stack frames", "Click to hide stack frames")'>Click to show all stack frames</a>
<div class='stack-trace' id='stack-trace1882348832'><pre>java.lang.Exception: Browser is not correct
	at DTSBase.BaseClass.init(BaseClass.java:63)
	at java.base/jdk.internal.reflect.NativeMethodAccessorImpl.invoke0(Native Method)
	at java.base/jdk.internal.reflect.NativeMethodAccessorImpl.invoke(NativeMethodAccessorImpl.java:77)
	at java.base/jdk.internal.reflect.DelegatingMethodAccessorImpl.invoke(DelegatingMethodAccessorImpl.java:43)
	at java.base/java.lang.reflect.Method.invoke(Method.java:568)
	at org.testng.internal.MethodInvocationHelper.invokeMethod(MethodInvocationHelper.java:133)
	at org.testng.internal.MethodInvocationHelper.invokeMethodConsideringTimeout(MethodInvocationHelper.java:62)
	at org.testng.internal.ConfigInvoker.invokeConfigurationMethod(ConfigInvoker.java:385)
	at org.testng.internal.ConfigInvoker.invokeConfigurations(ConfigInvoker.java:321)
	at org.testng.TestRunner.invokeTestConfigurations(TestRunner.java:637)
	at org.testng.TestRunner.beforeRun(TestRunner.java:627)
	at org.testng.TestRunner.run(TestRunner.java:589)
	at org.testng.SuiteRunner.runTest(SuiteRunner.java:377)
	at org.testng.SuiteRunner.runSequentially(SuiteRunner.java:371)
	at org.testng.SuiteRunner.privateRun(SuiteRunner.java:332)
	at org.testng.SuiteRunner.run(SuiteRunner.java:276)
	at org.testng.SuiteRunnerWorker.runSuite(SuiteRunnerWorker.java:53)
	at org.testng.SuiteRunnerWorker.run(SuiteRunnerWorker.java:96)
	at org.testng.TestNG.runSuitesSequentially(TestNG.java:1212)
	at org.testng.TestNG.runSuitesLocally(TestNG.java:1134)
	at org.testng.TestNG.runSuites(TestNG.java:1063)
	at org.testng.TestNG.run(TestNG.java:1031)
	at org.testng.remote.AbstractRemoteTestNG.run(AbstractRemoteTestNG.java:115)
	at org.testng.remote.RemoteTestNG.initAndRun(RemoteTestNG.java:251)
	at org.testng.remote.RemoteTestNG.main(RemoteTestNG.java:77)
</pre></div></td>
<td>0</td>
<td>moduleScript.SubstanceTest@7a220c9a</td></tr>
<tr>
<td title='moduleScript.SubstanceTest.sort()'><b>sort</b><br>Test class: moduleScript.SubstanceTest<br>Parameters: {Test Case Name=sort, SubstanceName=, ResultName=, SampleName=, EntitiesName=, Username=dts-admin, RegimeName=, EntitiesTestHistory=, URL=https://dtsfrontend.azurewebsites.net/, SubstanceShortName=, Password=admin123}</td>
<td><div><pre>java.lang.Exception: Browser is not correct
	at DTSBase.BaseClass.init(BaseClass.java:63)
... Removed 24 stack frames</pre></div><a href='#' onClick='toggleBox("stack-trace1538849250", this, "Click to show all stack frames", "Click to hide stack frames")'>Click to show all stack frames</a>
<div class='stack-trace' id='stack-trace1538849250'><pre>java.lang.Exception: Browser is not correct
	at DTSBase.BaseClass.init(BaseClass.java:63)
	at java.base/jdk.internal.reflect.NativeMethodAccessorImpl.invoke0(Native Method)
	at java.base/jdk.internal.reflect.NativeMethodAccessorImpl.invoke(NativeMethodAccessorImpl.java:77)
	at java.base/jdk.internal.reflect.DelegatingMethodAccessorImpl.invoke(DelegatingMethodAccessorImpl.java:43)
	at java.base/java.lang.reflect.Method.invoke(Method.java:568)
	at org.testng.internal.MethodInvocationHelper.invokeMethod(MethodInvocationHelper.java:133)
	at org.testng.internal.MethodInvocationHelper.invokeMethodConsideringTimeout(MethodInvocationHelper.java:62)
	at org.testng.internal.ConfigInvoker.invokeConfigurationMethod(ConfigInvoker.java:385)
	at org.testng.internal.ConfigInvoker.invokeConfigurations(ConfigInvoker.java:321)
	at org.testng.TestRunner.invokeTestConfigurations(TestRunner.java:637)
	at org.testng.TestRunner.beforeRun(TestRunner.java:627)
	at org.testng.TestRunner.run(TestRunner.java:589)
	at org.testng.SuiteRunner.runTest(SuiteRunner.java:377)
	at org.testng.SuiteRunner.runSequentially(SuiteRunner.java:371)
	at org.testng.SuiteRunner.privateRun(SuiteRunner.java:332)
	at org.testng.SuiteRunner.run(SuiteRunner.java:276)
	at org.testng.SuiteRunnerWorker.runSuite(SuiteRunnerWorker.java:53)
	at org.testng.SuiteRunnerWorker.run(SuiteRunnerWorker.java:96)
	at org.testng.TestNG.runSuitesSequentially(TestNG.java:1212)
	at org.testng.TestNG.runSuitesLocally(TestNG.java:1134)
	at org.testng.TestNG.runSuites(TestNG.java:1063)
	at org.testng.TestNG.run(TestNG.java:1031)
	at org.testng.remote.AbstractRemoteTestNG.run(AbstractRemoteTestNG.java:115)
	at org.testng.remote.RemoteTestNG.initAndRun(RemoteTestNG.java:251)
	at org.testng.remote.RemoteTestNG.main(RemoteTestNG.java:77)
</pre></div></td>
<td>0</td>
<td>moduleScript.SubstanceTest@7a220c9a</td></tr>
<tr>
<td title='moduleScript.SubstanceTest.statusChange()'><b>statusChange</b><br>Test class: moduleScript.SubstanceTest<br>Parameters: {Test Case Name=statusChange, SubstanceName=, ResultName=, SampleName=, EntitiesName=, Username=dts-admin, RegimeName=, EntitiesTestHistory=, URL=https://dtsfrontend.azurewebsites.net/, SubstanceShortName=, Password=admin123}</td>
<td><div><pre>java.lang.Exception: Browser is not correct
	at DTSBase.BaseClass.init(BaseClass.java:63)
... Removed 24 stack frames</pre></div><a href='#' onClick='toggleBox("stack-trace102052782", this, "Click to show all stack frames", "Click to hide stack frames")'>Click to show all stack frames</a>
<div class='stack-trace' id='stack-trace102052782'><pre>java.lang.Exception: Browser is not correct
	at DTSBase.BaseClass.init(BaseClass.java:63)
	at java.base/jdk.internal.reflect.NativeMethodAccessorImpl.invoke0(Native Method)
	at java.base/jdk.internal.reflect.NativeMethodAccessorImpl.invoke(NativeMethodAccessorImpl.java:77)
	at java.base/jdk.internal.reflect.DelegatingMethodAccessorImpl.invoke(DelegatingMethodAccessorImpl.java:43)
	at java.base/java.lang.reflect.Method.invoke(Method.java:568)
	at org.testng.internal.MethodInvocationHelper.invokeMethod(MethodInvocationHelper.java:133)
	at org.testng.internal.MethodInvocationHelper.invokeMethodConsideringTimeout(MethodInvocationHelper.java:62)
	at org.testng.internal.ConfigInvoker.invokeConfigurationMethod(ConfigInvoker.java:385)
	at org.testng.internal.ConfigInvoker.invokeConfigurations(ConfigInvoker.java:321)
	at org.testng.TestRunner.invokeTestConfigurations(TestRunner.java:637)
	at org.testng.TestRunner.beforeRun(TestRunner.java:627)
	at org.testng.TestRunner.run(TestRunner.java:589)
	at org.testng.SuiteRunner.runTest(SuiteRunner.java:377)
	at org.testng.SuiteRunner.runSequentially(SuiteRunner.java:371)
	at org.testng.SuiteRunner.privateRun(SuiteRunner.java:332)
	at org.testng.SuiteRunner.run(SuiteRunner.java:276)
	at org.testng.SuiteRunnerWorker.runSuite(SuiteRunnerWorker.java:53)
	at org.testng.SuiteRunnerWorker.run(SuiteRunnerWorker.java:96)
	at org.testng.TestNG.runSuitesSequentially(TestNG.java:1212)
	at org.testng.TestNG.runSuitesLocally(TestNG.java:1134)
	at org.testng.TestNG.runSuites(TestNG.java:1063)
	at org.testng.TestNG.run(TestNG.java:1031)
	at org.testng.remote.AbstractRemoteTestNG.run(AbstractRemoteTestNG.java:115)
	at org.testng.remote.RemoteTestNG.initAndRun(RemoteTestNG.java:251)
	at org.testng.remote.RemoteTestNG.main(RemoteTestNG.java:77)
</pre></div></td>
<td>0</td>
<td>moduleScript.SubstanceTest@7a220c9a</td></tr>
<tr>
<td title='moduleScript.SubstanceTest.addThresHoldwithoutFillingMandatoryFields()'><b>addThresHoldwithoutFillingMandatoryFields</b><br>Test class: moduleScript.SubstanceTest<br>Parameters: {Test Case Name=addThresHoldwithoutFillingMandatoryFields, SubstanceName=, ResultName=, SampleName=, EntitiesName=, Username=dts-admin, RegimeName=, EntitiesTestHistory=, URL=https://dtsfrontend.azurewebsites.net/, SubstanceShortName=, Password=admin123}</td>
<td><div><pre>java.lang.Exception: Browser is not correct
	at DTSBase.BaseClass.init(BaseClass.java:63)
... Removed 24 stack frames</pre></div><a href='#' onClick='toggleBox("stack-trace288797801", this, "Click to show all stack frames", "Click to hide stack frames")'>Click to show all stack frames</a>
<div class='stack-trace' id='stack-trace288797801'><pre>java.lang.Exception: Browser is not correct
	at DTSBase.BaseClass.init(BaseClass.java:63)
	at java.base/jdk.internal.reflect.NativeMethodAccessorImpl.invoke0(Native Method)
	at java.base/jdk.internal.reflect.NativeMethodAccessorImpl.invoke(NativeMethodAccessorImpl.java:77)
	at java.base/jdk.internal.reflect.DelegatingMethodAccessorImpl.invoke(DelegatingMethodAccessorImpl.java:43)
	at java.base/java.lang.reflect.Method.invoke(Method.java:568)
	at org.testng.internal.MethodInvocationHelper.invokeMethod(MethodInvocationHelper.java:133)
	at org.testng.internal.MethodInvocationHelper.invokeMethodConsideringTimeout(MethodInvocationHelper.java:62)
	at org.testng.internal.ConfigInvoker.invokeConfigurationMethod(ConfigInvoker.java:385)
	at org.testng.internal.ConfigInvoker.invokeConfigurations(ConfigInvoker.java:321)
	at org.testng.TestRunner.invokeTestConfigurations(TestRunner.java:637)
	at org.testng.TestRunner.beforeRun(TestRunner.java:627)
	at org.testng.TestRunner.run(TestRunner.java:589)
	at org.testng.SuiteRunner.runTest(SuiteRunner.java:377)
	at org.testng.SuiteRunner.runSequentially(SuiteRunner.java:371)
	at org.testng.SuiteRunner.privateRun(SuiteRunner.java:332)
	at org.testng.SuiteRunner.run(SuiteRunner.java:276)
	at org.testng.SuiteRunnerWorker.runSuite(SuiteRunnerWorker.java:53)
	at org.testng.SuiteRunnerWorker.run(SuiteRunnerWorker.java:96)
	at org.testng.TestNG.runSuitesSequentially(TestNG.java:1212)
	at org.testng.TestNG.runSuitesLocally(TestNG.java:1134)
	at org.testng.TestNG.runSuites(TestNG.java:1063)
	at org.testng.TestNG.run(TestNG.java:1031)
	at org.testng.remote.AbstractRemoteTestNG.run(AbstractRemoteTestNG.java:115)
	at org.testng.remote.RemoteTestNG.initAndRun(RemoteTestNG.java:251)
	at org.testng.remote.RemoteTestNG.main(RemoteTestNG.java:77)
</pre></div></td>
<td>0</td>
<td>moduleScript.SubstanceTest@7a220c9a</td></tr>
</table><p>
</body>
</html>