<?xml version="1.0" encoding="UTF-8"?>
<!-- Generated by org.testng.reporters.JUnitXMLReporter -->
<testsuite ignored="21" hostname="CHNRENTRAJESH" failures="3" tests="8" name="Test(failed)" time="744.71" errors="0" timestamp="2022-10-07T03:11:37 IST">
  <testcase classname="DTSBase.BaseClass" name="@AfterMethod takeScreenShotOnFailures" time="1.554">
    <failure type="org.openqa.selenium.ElementClickInterceptedException" message="element click intercepted: Element &amp;lt;img _ngcontent-wuk-c213=&amp;quot;&amp;quot; src=&amp;quot;assets/icons/Down.svg&amp;quot; alt=&amp;quot;down&amp;quot; class=&amp;quot;pl4 pbt4 menu-button-arrow&amp;quot;&amp;gt; is not clickable at point (1244, 43). Other element would receive the click: &amp;lt;div class=&amp;quot;cdk-overlay-backdrop cdk-overlay-transparent-backdrop cdk-overlay-backdrop-showing&amp;quot;&amp;gt;&amp;lt;/div&amp;gt;
  (Session info: chrome=105.0.5195.127)
Build info: version: &amp;apos;3.141.59&amp;apos;, revision: &amp;apos;e82be7d358&amp;apos;, time: &amp;apos;2018-11-14T08:17:03&amp;apos;
System info: host: &amp;apos;CHNRENTRAJESH&amp;apos;, ip: &amp;apos;172.27.0.240&amp;apos;, os.name: &amp;apos;Windows 10&amp;apos;, os.arch: &amp;apos;amd64&amp;apos;, os.version: &amp;apos;10.0&amp;apos;, java.version: &amp;apos;17.0.3&amp;apos;
Driver info: org.openqa.selenium.chrome.ChromeDriver
Capabilities {acceptInsecureCerts: false, browserName: chrome, browserVersion: 105.0.5195.127, chrome: {chromedriverVersion: 105.0.5195.52 (412c95e51883..., userDataDir: C:\Users\rajesh.su\AppData\...}, goog:chromeOptions: {debuggerAddress: localhost:50006}, javascriptEnabled: true, networkConnectionEnabled: false, pageLoadStrategy: normal, platform: WINDOWS, platformName: WINDOWS, proxy: Proxy(), setWindowRect: true, strictFileInteractability: false, timeouts: {implicit: 0, pageLoad: 300000, script: 30000}, unhandledPromptBehavior: dismiss and notify, webauthn:extension:credBlob: true, webauthn:extension:largeBlob: true, webauthn:virtualAuthenticators: true}
Session ID: 00ec4217b7ba29c3171be6502f0bca3c">
      <![CDATA[org.openqa.selenium.ElementClickInterceptedException: element click intercepted: Element <img _ngcontent-wuk-c213="" src="assets/icons/Down.svg" alt="down" class="pl4 pbt4 menu-button-arrow"> is not clickable at point (1244, 43). Other element would receive the click: <div class="cdk-overlay-backdrop cdk-overlay-transparent-backdrop cdk-overlay-backdrop-showing"></div>
  (Session info: chrome=105.0.5195.127)
Build info: version: '3.141.59', revision: 'e82be7d358', time: '2018-11-14T08:17:03'
System info: host: 'CHNRENTRAJESH', ip: '172.27.0.240', os.name: 'Windows 10', os.arch: 'amd64', os.version: '10.0', java.version: '17.0.3'
Driver info: org.openqa.selenium.chrome.ChromeDriver
Capabilities {acceptInsecureCerts: false, browserName: chrome, browserVersion: 105.0.5195.127, chrome: {chromedriverVersion: 105.0.5195.52 (412c95e51883..., userDataDir: C:\Users\rajesh.su\AppData\...}, goog:chromeOptions: {debuggerAddress: localhost:50006}, javascriptEnabled: true, networkConnectionEnabled: false, pageLoadStrategy: normal, platform: WINDOWS, platformName: WINDOWS, proxy: Proxy(), setWindowRect: true, strictFileInteractability: false, timeouts: {implicit: 0, pageLoad: 300000, script: 30000}, unhandledPromptBehavior: dismiss and notify, webauthn:extension:credBlob: true, webauthn:extension:largeBlob: true, webauthn:virtualAuthenticators: true}
Session ID: 00ec4217b7ba29c3171be6502f0bca3c
at org.openqa.selenium.remote.http.W3CHttpResponseCodec.createException(W3CHttpResponseCodec.java:187)
at org.openqa.selenium.remote.http.W3CHttpResponseCodec.decode(W3CHttpResponseCodec.java:122)
at org.openqa.selenium.remote.http.W3CHttpResponseCodec.decode(W3CHttpResponseCodec.java:49)
at org.openqa.selenium.remote.HttpCommandExecutor.execute(HttpCommandExecutor.java:158)
at org.openqa.selenium.remote.service.DriverCommandExecutor.execute(DriverCommandExecutor.java:83)
at org.openqa.selenium.remote.RemoteWebDriver.execute(RemoteWebDriver.java:552)
at org.openqa.selenium.remote.RemoteWebElement.execute(RemoteWebElement.java:285)
at org.openqa.selenium.remote.RemoteWebElement.click(RemoteWebElement.java:84)
at org.openqa.selenium.support.pagefactory.internal.LocatingElementHandler.invoke(LocatingElementHandler.java:51)
at jdk.proxy2/jdk.proxy2.$Proxy21.click(Unknown Source)
at DTSBase.BaseClass.FindByclick(BaseClass.java:275)
at pageFactory.LoginPage.logout(LoginPage.java:225)
at DTSBase.BaseClass.takeScreenShotOnFailures(BaseClass.java:80)
at java.base/java.util.ArrayList.forEach(ArrayList.java:1511)
... Removed 40 stack frames]]>
    </failure>
  </testcase> <!-- @AfterMethod takeScreenShotOnFailures -->
  <testcase classname="DTSBase.BaseClass" name="@AfterMethod takeScreenShotOnFailures" time="230.703">
    <failure type="org.openqa.selenium.TimeoutException" message="Expected condition failed: waiting for element to be clickable: [[ChromeDriver: chrome on WINDOWS (00ec4217b7ba29c3171be6502f0bca3c)] -&amp;gt; xpath: (//img[contains(@class,&amp;apos;menu-button-arrow&amp;apos;)])[2]] (tried for 30 second(s) with 500 milliseconds interval)
Build info: version: &amp;apos;3.141.59&amp;apos;, revision: &amp;apos;e82be7d358&amp;apos;, time: &amp;apos;2018-11-14T08:17:03&amp;apos;
System info: host: &amp;apos;CHNRENTRAJESH&amp;apos;, ip: &amp;apos;172.27.0.240&amp;apos;, os.name: &amp;apos;Windows 10&amp;apos;, os.arch: &amp;apos;amd64&amp;apos;, os.version: &amp;apos;10.0&amp;apos;, java.version: &amp;apos;17.0.3&amp;apos;
Driver info: org.openqa.selenium.chrome.ChromeDriver
Capabilities {acceptInsecureCerts: false, browserName: chrome, browserVersion: 105.0.5195.127, chrome: {chromedriverVersion: 105.0.5195.52 (412c95e51883..., userDataDir: C:\Users\rajesh.su\AppData\...}, goog:chromeOptions: {debuggerAddress: localhost:50006}, javascriptEnabled: true, networkConnectionEnabled: false, pageLoadStrategy: normal, platform: WINDOWS, platformName: WINDOWS, proxy: Proxy(), setWindowRect: true, strictFileInteractability: false, timeouts: {implicit: 0, pageLoad: 300000, script: 30000}, unhandledPromptBehavior: dismiss and notify, webauthn:extension:credBlob: true, webauthn:extension:largeBlob: true, webauthn:virtualAuthenticators: true}
Session ID: 00ec4217b7ba29c3171be6502f0bca3c">
      <![CDATA[org.openqa.selenium.TimeoutException: Expected condition failed: waiting for element to be clickable: [[ChromeDriver: chrome on WINDOWS (00ec4217b7ba29c3171be6502f0bca3c)] -> xpath: (//img[contains(@class,'menu-button-arrow')])[2]] (tried for 30 second(s) with 500 milliseconds interval)
Build info: version: '3.141.59', revision: 'e82be7d358', time: '2018-11-14T08:17:03'
System info: host: 'CHNRENTRAJESH', ip: '172.27.0.240', os.name: 'Windows 10', os.arch: 'amd64', os.version: '10.0', java.version: '17.0.3'
Driver info: org.openqa.selenium.chrome.ChromeDriver
Capabilities {acceptInsecureCerts: false, browserName: chrome, browserVersion: 105.0.5195.127, chrome: {chromedriverVersion: 105.0.5195.52 (412c95e51883..., userDataDir: C:\Users\rajesh.su\AppData\...}, goog:chromeOptions: {debuggerAddress: localhost:50006}, javascriptEnabled: true, networkConnectionEnabled: false, pageLoadStrategy: normal, platform: WINDOWS, platformName: WINDOWS, proxy: Proxy(), setWindowRect: true, strictFileInteractability: false, timeouts: {implicit: 0, pageLoad: 300000, script: 30000}, unhandledPromptBehavior: dismiss and notify, webauthn:extension:credBlob: true, webauthn:extension:largeBlob: true, webauthn:virtualAuthenticators: true}
Session ID: 00ec4217b7ba29c3171be6502f0bca3c
at org.openqa.selenium.support.ui.WebDriverWait.timeoutException(WebDriverWait.java:95)
at org.openqa.selenium.support.ui.FluentWait.until(FluentWait.java:272)
at DTSBase.BaseClass.FindByclick(BaseClass.java:279)
at pageFactory.LoginPage.logout(LoginPage.java:225)
at DTSBase.BaseClass.takeScreenShotOnFailures(BaseClass.java:89)
at java.base/java.util.ArrayList.forEach(ArrayList.java:1511)
... Removed 32 stack frames]]>
    </failure>
  </testcase> <!-- @AfterMethod takeScreenShotOnFailures -->
  <testcase classname="DTSBase.BaseClass" name="@AfterMethod takeScreenShotOnFailures" time="-1.665092497027E9">
    <skipped/>
  </testcase> <!-- @AfterMethod takeScreenShotOnFailures -->
  <testcase classname="DTSBase.BaseClass" name="@AfterMethod takeScreenShotOnFailures" time="-1.665092497136E9">
    <skipped/>
  </testcase> <!-- @AfterMethod takeScreenShotOnFailures -->
  <testcase classname="DTSBase.BaseClass" name="@AfterMethod takeScreenShotOnFailures" time="-1.665092497272E9">
    <skipped/>
  </testcase> <!-- @AfterMethod takeScreenShotOnFailures -->
  <testcase classname="moduleScript.EntitiesTest" name="sortTestHistory" time="17.558">
    <failure type="java.lang.AssertionError" message="expected [false] but found [true]">
      <![CDATA[java.lang.AssertionError: expected [false] but found [true]
at moduleScript.EntitiesTest.sortTestHistory(EntitiesTest.java:216)
at java.base/java.util.ArrayList.forEach(ArrayList.java:1511)
... Removed 33 stack frames]]>
    </failure>
  </testcase> <!-- sortTestHistory -->
  <testcase classname="moduleScript.EntitiesTest" name="DTV4_570" time="229.811">
    <failure type="org.openqa.selenium.ElementClickInterceptedException" message="element click intercepted: Element &amp;lt;span class=&amp;quot;mat-select-placeholder ng-tns-c95-110 ng-star-inserted&amp;quot;&amp;gt;...&amp;lt;/span&amp;gt; is not clickable at point (389, 466). Other element would receive the click: &amp;lt;div class=&amp;quot;cdk-overlay-backdrop cdk-overlay-transparent-backdrop cdk-overlay-backdrop-showing&amp;quot;&amp;gt;&amp;lt;/div&amp;gt;
  (Session info: chrome=105.0.5195.127)
Build info: version: &amp;apos;3.141.59&amp;apos;, revision: &amp;apos;e82be7d358&amp;apos;, time: &amp;apos;2018-11-14T08:17:03&amp;apos;
System info: host: &amp;apos;CHNRENTRAJESH&amp;apos;, ip: &amp;apos;172.27.0.240&amp;apos;, os.name: &amp;apos;Windows 10&amp;apos;, os.arch: &amp;apos;amd64&amp;apos;, os.version: &amp;apos;10.0&amp;apos;, java.version: &amp;apos;17.0.3&amp;apos;
Driver info: org.openqa.selenium.chrome.ChromeDriver
Capabilities {acceptInsecureCerts: false, browserName: chrome, browserVersion: 105.0.5195.127, chrome: {chromedriverVersion: 105.0.5195.52 (412c95e51883..., userDataDir: C:\Users\rajesh.su\AppData\...}, goog:chromeOptions: {debuggerAddress: localhost:50006}, javascriptEnabled: true, networkConnectionEnabled: false, pageLoadStrategy: normal, platform: WINDOWS, platformName: WINDOWS, proxy: Proxy(), setWindowRect: true, strictFileInteractability: false, timeouts: {implicit: 0, pageLoad: 300000, script: 30000}, unhandledPromptBehavior: dismiss and notify, webauthn:extension:credBlob: true, webauthn:extension:largeBlob: true, webauthn:virtualAuthenticators: true}
Session ID: 00ec4217b7ba29c3171be6502f0bca3c">
      <![CDATA[org.openqa.selenium.ElementClickInterceptedException: element click intercepted: Element <span class="mat-select-placeholder ng-tns-c95-110 ng-star-inserted">...</span> is not clickable at point (389, 466). Other element would receive the click: <div class="cdk-overlay-backdrop cdk-overlay-transparent-backdrop cdk-overlay-backdrop-showing"></div>
  (Session info: chrome=105.0.5195.127)
Build info: version: '3.141.59', revision: 'e82be7d358', time: '2018-11-14T08:17:03'
System info: host: 'CHNRENTRAJESH', ip: '172.27.0.240', os.name: 'Windows 10', os.arch: 'amd64', os.version: '10.0', java.version: '17.0.3'
Driver info: org.openqa.selenium.chrome.ChromeDriver
Capabilities {acceptInsecureCerts: false, browserName: chrome, browserVersion: 105.0.5195.127, chrome: {chromedriverVersion: 105.0.5195.52 (412c95e51883..., userDataDir: C:\Users\rajesh.su\AppData\...}, goog:chromeOptions: {debuggerAddress: localhost:50006}, javascriptEnabled: true, networkConnectionEnabled: false, pageLoadStrategy: normal, platform: WINDOWS, platformName: WINDOWS, proxy: Proxy(), setWindowRect: true, strictFileInteractability: false, timeouts: {implicit: 0, pageLoad: 300000, script: 30000}, unhandledPromptBehavior: dismiss and notify, webauthn:extension:credBlob: true, webauthn:extension:largeBlob: true, webauthn:virtualAuthenticators: true}
Session ID: 00ec4217b7ba29c3171be6502f0bca3c
at org.openqa.selenium.remote.http.W3CHttpResponseCodec.createException(W3CHttpResponseCodec.java:187)
at org.openqa.selenium.remote.http.W3CHttpResponseCodec.decode(W3CHttpResponseCodec.java:122)
at org.openqa.selenium.remote.http.W3CHttpResponseCodec.decode(W3CHttpResponseCodec.java:49)
at org.openqa.selenium.remote.HttpCommandExecutor.execute(HttpCommandExecutor.java:158)
at org.openqa.selenium.remote.service.DriverCommandExecutor.execute(DriverCommandExecutor.java:83)
at org.openqa.selenium.remote.RemoteWebDriver.execute(RemoteWebDriver.java:552)
at org.openqa.selenium.remote.RemoteWebElement.execute(RemoteWebElement.java:285)
at org.openqa.selenium.remote.RemoteWebElement.click(RemoteWebElement.java:84)
at org.openqa.selenium.support.pagefactory.internal.LocatingElementHandler.invoke(LocatingElementHandler.java:51)
at jdk.proxy2/jdk.proxy2.$Proxy21.click(Unknown Source)
at DTSBase.BaseClass.FindByclick(BaseClass.java:275)
at pageFactory.EntititesPage.selectHeardBy(EntititesPage.java:184)
at pageFactory.EntititesPage.createFindingOptions(EntititesPage.java:214)
at moduleScript.EntitiesTest.DTV4_570(EntitiesTest.java:509)
at java.base/java.util.ArrayList.forEach(ArrayList.java:1511)
... Removed 35 stack frames]]>
    </failure>
  </testcase> <!-- DTV4_570 -->
  <testcase classname="moduleScript.TestCasesTest" name="filter" time="201.121">
    <failure type="org.openqa.selenium.TimeoutException" message="Expected condition failed: waiting for visibility of Proxy element for: DefaultElementLocator &amp;apos;By.id: username&amp;apos; (tried for 15 second(s) with 500 milliseconds interval)">
      <![CDATA[org.openqa.selenium.TimeoutException: Expected condition failed: waiting for visibility of Proxy element for: DefaultElementLocator 'By.id: username' (tried for 15 second(s) with 500 milliseconds interval)
at org.openqa.selenium.support.ui.WebDriverWait.timeoutException(WebDriverWait.java:95)
at org.openqa.selenium.support.ui.FluentWait.until(FluentWait.java:272)
at pageFactory.LoginPage.login_DTS(LoginPage.java:86)
at moduleScript.TestCasesTest.filter(TestCasesTest.java:72)
at java.base/java.util.ArrayList.forEach(ArrayList.java:1511)
Caused by: org.openqa.selenium.NoSuchElementException: no such element: Unable to locate element: {"method":"css selector","selector":"#username"}
  (Session info: chrome=105.0.5195.127)
For documentation on this error, please visit: https://www.seleniumhq.org/exceptions/no_such_element.html
Build info: version: '3.141.59', revision: 'e82be7d358', time: '2018-11-14T08:17:03'
System info: host: 'CHNRENTRAJESH', ip: '172.27.0.240', os.name: 'Windows 10', os.arch: 'amd64', os.version: '10.0', java.version: '17.0.3'
Driver info: org.openqa.selenium.chrome.ChromeDriver
Capabilities {acceptInsecureCerts: false, browserName: chrome, browserVersion: 105.0.5195.127, chrome: {chromedriverVersion: 105.0.5195.52 (412c95e51883..., userDataDir: C:\Users\rajesh.su\AppData\...}, goog:chromeOptions: {debuggerAddress: localhost:50006}, javascriptEnabled: true, networkConnectionEnabled: false, pageLoadStrategy: normal, platform: WINDOWS, platformName: WINDOWS, proxy: Proxy(), setWindowRect: true, strictFileInteractability: false, timeouts: {implicit: 0, pageLoad: 300000, script: 30000}, unhandledPromptBehavior: dismiss and notify, webauthn:extension:credBlob: true, webauthn:extension:largeBlob: true, webauthn:virtualAuthenticators: true}
Session ID: 00ec4217b7ba29c3171be6502f0bca3c
*** Element info: {Using=id, value=username}
at org.openqa.selenium.remote.http.W3CHttpResponseCodec.createException(W3CHttpResponseCodec.java:187)
at org.openqa.selenium.remote.http.W3CHttpResponseCodec.decode(W3CHttpResponseCodec.java:122)
at org.openqa.selenium.remote.http.W3CHttpResponseCodec.decode(W3CHttpResponseCodec.java:49)
at org.openqa.selenium.remote.HttpCommandExecutor.execute(HttpCommandExecutor.java:158)
at org.openqa.selenium.remote.service.DriverCommandExecutor.execute(DriverCommandExecutor.java:83)
at org.openqa.selenium.remote.RemoteWebDriver.execute(RemoteWebDriver.java:552)
at org.openqa.selenium.remote.RemoteWebDriver.findElement(RemoteWebDriver.java:323)
at org.openqa.selenium.remote.RemoteWebDriver.findElementById(RemoteWebDriver.java:372)
at org.openqa.selenium.By$ById.findElement(By.java:188)
at org.openqa.selenium.remote.RemoteWebDriver.findElement(RemoteWebDriver.java:315)
at org.openqa.selenium.support.pagefactory.DefaultElementLocator.findElement(DefaultElementLocator.java:69)
at org.openqa.selenium.support.pagefactory.internal.LocatingElementHandler.invoke(LocatingElementHandler.java:38)
at jdk.proxy2/jdk.proxy2.$Proxy21.isDisplayed(Unknown Source)
at org.openqa.selenium.support.ui.ExpectedConditions.elementIfVisible(ExpectedConditions.java:314)
at org.openqa.selenium.support.ui.ExpectedConditions.access$000(ExpectedConditions.java:43)
at org.openqa.selenium.support.ui.ExpectedConditions$10.apply(ExpectedConditions.java:300)
at org.openqa.selenium.support.ui.ExpectedConditions$10.apply(ExpectedConditions.java:297)
at org.openqa.selenium.support.ui.FluentWait.until(FluentWait.java:249)
... 30 more
... Removed 32 stack frames]]>
    </failure>
  </testcase> <!-- filter -->
  <testcase classname="moduleScript.TestCasesTest" name="createWithoutFillingMandatoryFields" time="5.309"/>
  <testcase classname="moduleScript.TestCasesTest" name="createTestcase" time="45.135"/>
  <testcase classname="moduleScript.TestCasesTest" name="DTV4_151" time="0.0">
    <skipped/>
  </testcase> <!-- DTV4_151 -->
  <testcase classname="moduleScript.TestCasesTest" name="DTV4_154" time="0.0">
    <skipped/>
  </testcase> <!-- DTV4_154 -->
  <testcase classname="moduleScript.TestCasesTest" name="DTV4_174" time="0.0">
    <skipped/>
  </testcase> <!-- DTV4_174 -->
  <testcase classname="moduleScript.EntitiesTest" name="verifyLanding" time="0.0">
    <ignored/>
  </testcase> <!-- verifyLanding -->
  <testcase classname="moduleScript.TestCasesTest" name="verifyLanding" time="0.0">
    <ignored/>
  </testcase> <!-- verifyLanding -->
  <testcase classname="DTSBase.BaseClass" name="@BeforeTest init" time="0.0">
    <ignored/>
  </testcase> <!-- @BeforeTest init -->
  <testcase classname="moduleScript.EntitiesTest" name="DTV4_4083" time="0.0">
    <ignored/>
  </testcase> <!-- DTV4_4083 -->
  <testcase classname="moduleScript.EntitiesTest" name="DTV4_4086" time="0.0">
    <ignored/>
  </testcase> <!-- DTV4_4086 -->
  <testcase classname="moduleScript.EntitiesTest" name="DTV4_4430" time="0.0">
    <ignored/>
  </testcase> <!-- DTV4_4430 -->
  <testcase classname="moduleScript.EntitiesTest" name="searchTestHistory" time="0.0">
    <ignored/>
  </testcase> <!-- searchTestHistory -->
  <testcase classname="moduleScript.EntitiesTest" name="search" time="0.0">
    <ignored/>
  </testcase> <!-- search -->
  <testcase classname="moduleScript.EntitiesTest" name="DTV4_4082" time="0.0">
    <ignored/>
  </testcase> <!-- DTV4_4082 -->
  <testcase classname="moduleScript.EntitiesTest" name="DTV4_209" time="0.0">
    <ignored/>
  </testcase> <!-- DTV4_209 -->
  <testcase classname="moduleScript.EntitiesTest" name="entitytoResult" time="0.0">
    <ignored/>
  </testcase> <!-- entitytoResult -->
  <testcase classname="DTSBase.BaseClass" name="@AfterTest tearDown" time="0.0">
    <ignored/>
  </testcase> <!-- @AfterTest tearDown -->
  <testcase classname="moduleScript.EntitiesTest" name="filterTestHistory" time="0.0">
    <ignored/>
  </testcase> <!-- filterTestHistory -->
  <testcase classname="moduleScript.EntitiesTest" name="resultsExport" time="0.0">
    <ignored/>
  </testcase> <!-- resultsExport -->
  <testcase classname="moduleScript.EntitiesTest" name="filterEntities" time="0.0">
    <ignored/>
  </testcase> <!-- filterEntities -->
  <testcase classname="moduleScript.EntitiesTest" name="sort" time="0.0">
    <ignored/>
  </testcase> <!-- sort -->
  <testcase classname="moduleScript.TestCasesTest" name="sort" time="0.0">
    <ignored/>
  </testcase> <!-- sort -->
  <testcase classname="moduleScript.EntitiesTest" name="createFinding" time="0.0">
    <ignored/>
  </testcase> <!-- createFinding -->
  <testcase classname="moduleScript.EntitiesTest" name="DTV4_57" time="0.0">
    <ignored/>
  </testcase> <!-- DTV4_57 -->
  <testcase classname="moduleScript.EntitiesTest" name="DTV4_442" time="0.0">
    <ignored/>
  </testcase> <!-- DTV4_442 -->
  <testcase classname="moduleScript.EntitiesTest" name="searchAuditLog" time="0.0">
    <ignored/>
  </testcase> <!-- searchAuditLog -->
</testsuite> <!-- Test(failed) -->
