<?xml version="1.0" encoding="UTF-8"?>
<!-- Generated by org.testng.reporters.JUnitXMLReporter -->
<testsuite ignored="20" hostname="CHNRENTRAJESH" failures="1" tests="2" name="Test(failed)(failed)(failed)(failed)" time="26.392" errors="0" timestamp="2022-08-15T04:46:56 IST">
  <testcase classname="moduleScript.CollectorsTest" name="DTV4_194" time="8.917"/>
  <testcase classname="moduleScript.ResultTest" name="DTV4_446_FailedToast" time="12.857">
    <failure type="org.openqa.selenium.ElementNotInteractableException" message="element not interactable: element has zero size
  (Session info: chrome=104.0.5112.81)
Build info: version: &amp;apos;3.141.59&amp;apos;, revision: &amp;apos;e82be7d358&amp;apos;, time: &amp;apos;2018-11-14T08:17:03&amp;apos;
System info: host: &amp;apos;CHNRENTRAJESH&amp;apos;, ip: &amp;apos;10.202.50.167&amp;apos;, os.name: &amp;apos;Windows 10&amp;apos;, os.arch: &amp;apos;amd64&amp;apos;, os.version: &amp;apos;10.0&amp;apos;, java.version: &amp;apos;17.0.3&amp;apos;
Driver info: org.openqa.selenium.chrome.ChromeDriver
Capabilities {acceptInsecureCerts: false, browserName: chrome, browserVersion: 104.0.5112.81, chrome: {chromedriverVersion: 104.0.5112.79 (3cf3e8c8a07d..., userDataDir: C:\Users\rajesh.su\AppData\...}, goog:chromeOptions: {debuggerAddress: localhost:57185}, javascriptEnabled: true, networkConnectionEnabled: false, pageLoadStrategy: normal, platform: WINDOWS, platformName: WINDOWS, proxy: Proxy(), setWindowRect: true, strictFileInteractability: false, timeouts: {implicit: 0, pageLoad: 300000, script: 30000}, unhandledPromptBehavior: dismiss and notify, webauthn:extension:credBlob: true, webauthn:extension:largeBlob: true, webauthn:virtualAuthenticators: true}
Session ID: 082aa5872ffc79e8891b410dc7d6df14">
      <![CDATA[org.openqa.selenium.ElementNotInteractableException: element not interactable: element has zero size
  (Session info: chrome=104.0.5112.81)
Build info: version: '3.141.59', revision: 'e82be7d358', time: '2018-11-14T08:17:03'
System info: host: 'CHNRENTRAJESH', ip: '10.202.50.167', os.name: 'Windows 10', os.arch: 'amd64', os.version: '10.0', java.version: '17.0.3'
Driver info: org.openqa.selenium.chrome.ChromeDriver
Capabilities {acceptInsecureCerts: false, browserName: chrome, browserVersion: 104.0.5112.81, chrome: {chromedriverVersion: 104.0.5112.79 (3cf3e8c8a07d..., userDataDir: C:\Users\rajesh.su\AppData\...}, goog:chromeOptions: {debuggerAddress: localhost:57185}, javascriptEnabled: true, networkConnectionEnabled: false, pageLoadStrategy: normal, platform: WINDOWS, platformName: WINDOWS, proxy: Proxy(), setWindowRect: true, strictFileInteractability: false, timeouts: {implicit: 0, pageLoad: 300000, script: 30000}, unhandledPromptBehavior: dismiss and notify, webauthn:extension:credBlob: true, webauthn:extension:largeBlob: true, webauthn:virtualAuthenticators: true}
Session ID: 082aa5872ffc79e8891b410dc7d6df14
at org.openqa.selenium.remote.http.W3CHttpResponseCodec.createException(W3CHttpResponseCodec.java:187)
at org.openqa.selenium.remote.http.W3CHttpResponseCodec.decode(W3CHttpResponseCodec.java:122)
at org.openqa.selenium.remote.http.W3CHttpResponseCodec.decode(W3CHttpResponseCodec.java:49)
at org.openqa.selenium.remote.HttpCommandExecutor.execute(HttpCommandExecutor.java:158)
at org.openqa.selenium.remote.service.DriverCommandExecutor.execute(DriverCommandExecutor.java:83)
at org.openqa.selenium.remote.RemoteWebDriver.execute(RemoteWebDriver.java:552)
at org.openqa.selenium.remote.RemoteWebElement.execute(RemoteWebElement.java:285)
at org.openqa.selenium.remote.RemoteWebElement.click(RemoteWebElement.java:84)
at org.openqa.selenium.support.pagefactory.internal.LocatingElementHandler.invoke(LocatingElementHandler.java:51)
at jdk.proxy2/jdk.proxy2.$Proxy22.click(Unknown Source)
at DTSBase.BaseClass.FindByclick(BaseClass.java:249)
at pageFactory.ResultPage.failedToast(ResultPage.java:656)
at moduleScript.ResultTest.DTV4_446_FailedToast(ResultTest.java:323)
at java.base/java.util.ArrayList.forEach(ArrayList.java:1511)
... Removed 36 stack frames]]>
    </failure>
  </testcase> <!-- DTV4_446_FailedToast -->
  <testcase classname="DTSBase.BaseClass" name="@BeforeTest init" time="0.0">
    <ignored/>
  </testcase> <!-- @BeforeTest init -->
  <testcase classname="moduleScript.ResultTest" name="normalFilter" time="0.0">
    <ignored/>
  </testcase> <!-- normalFilter -->
  <testcase classname="moduleScript.CollectorsTest" name="DTV4_193" time="0.0">
    <ignored/>
  </testcase> <!-- DTV4_193 -->
  <testcase classname="moduleScript.CollectorsTest" name="verifyLanding" time="0.0">
    <ignored/>
  </testcase> <!-- verifyLanding -->
  <testcase classname="moduleScript.ResultTest" name="updateReview" time="0.0">
    <ignored/>
  </testcase> <!-- updateReview -->
  <testcase classname="moduleScript.CollectorsTest" name="createWithoutFillingMandatoryFields" time="0.0">
    <ignored/>
  </testcase> <!-- createWithoutFillingMandatoryFields -->
  <testcase classname="moduleScript.ResultTest" name="perform_Analysis_Result" time="0.0">
    <ignored/>
  </testcase> <!-- perform_Analysis_Result -->
  <testcase classname="moduleScript.ResultTest" name="results_with_No_Alerts" time="0.0">
    <ignored/>
  </testcase> <!-- results_with_No_Alerts -->
  <testcase classname="moduleScript.CollectorsTest" name="statusChange" time="0.0">
    <ignored/>
  </testcase> <!-- statusChange -->
  <testcase classname="moduleScript.ResultTest" name="sort" time="0.0">
    <ignored/>
  </testcase> <!-- sort -->
  <testcase classname="DTSBase.BaseClass" name="@AfterTest tearDown" time="0.0">
    <ignored/>
  </testcase> <!-- @AfterTest tearDown -->
  <testcase classname="moduleScript.CollectorsTest" name="sort" time="0.0">
    <ignored/>
  </testcase> <!-- sort -->
  <testcase classname="moduleScript.ResultTest" name="DTV4_61" time="0.0">
    <ignored/>
  </testcase> <!-- DTV4_61 -->
  <testcase classname="moduleScript.ResultTest" name="substanceOnResult" time="0.0">
    <ignored/>
  </testcase> <!-- substanceOnResult -->
  <testcase classname="moduleScript.ResultTest" name="search" time="0.0">
    <ignored/>
  </testcase> <!-- search -->
  <testcase classname="moduleScript.ResultTest" name="selectAllResultList" time="0.0">
    <ignored/>
  </testcase> <!-- selectAllResultList -->
  <testcase classname="moduleScript.ResultTest" name="verifyLanding" time="0.0">
    <ignored/>
  </testcase> <!-- verifyLanding -->
  <testcase classname="moduleScript.ResultTest" name="resultsExport" time="0.0">
    <ignored/>
  </testcase> <!-- resultsExport -->
  <testcase classname="moduleScript.ResultTest" name="entityURL" time="0.0">
    <ignored/>
  </testcase> <!-- entityURL -->
  <testcase classname="moduleScript.CollectorsTest" name="addCollector" time="0.0">
    <ignored/>
  </testcase> <!-- addCollector -->
</testsuite> <!-- Test(failed)(failed)(failed)(failed) -->
